PreventionLibary/proguard.cfg
-optimizationpasses 5  ->设置混淆的压缩比率 0 ~ 7 

-dontusemixedcaseclassnames -> Aa aA 

-dontskipnonpubliclibraryclasses ->如果应用程序引入的有jar包,并且想混淆jar包里面的class 

-dontskipnonpubliclibraryclassmembers 

-dontpreverify 

-verbose ->混淆后生产映射文件 map 类名->转化后类名的映射

#-dontwarn 

 -optimizations !code/simplification/arithmetic,!field/*,!class/merging/*  ->混淆采用的算法.
 
 -libraryjars   libs/android-support-v4.jar 
-dontwarn android.support.v4.**     
-keep class android.support.v4.** { *; }   
-keep interface android.support.v4.app.** { *; }   
-keep public class * extends android.support.v4.**   
-keep public class * extends android.app.Fragment

-keep public class * exten

 -keep public class * extends android.app.Activity   ->所有activity的子类不要去混淆 

-keep public class * extends android.app.Application 

-keep public class * extends android.app.Service

-keep public class * extends android.content.BroadcastReceiver

-keep public class * extends android.content.ContentProvider

-keep public class * extends android.app.backup.BackupAgentHelper

-keep public class * extends android.preference.Preference

-keep public class com.android.vending.licensing.ILicensingService

 -keepclasseswithmembernames class * {

    native <methods>;   -> 所有native的方法不能去混淆. 

}

-keep public class [com.viewpagerindicator].R$*{
    public static final int *;
}

 -keepclasseswithmembers class * {

    public <init>(android.content.Context, android.util.AttributeSet);

    -->某些构造方法不能去混淆

}

 -keepclasseswithmembers class * {

    public <init>(android.content.Context, android.util.AttributeSet, int);

}

 -keepclassmembers class * extends android.app.Activity {

   public void *(android.view.View);

}

 -keepclassmembers enum * {   -> 枚举类不能去混淆. 

    public static **[] values();

    public static ** valueOf(java.lang.String);

}

 -keep class * implements android.os.Parcelable {   -> aidl文件不能去混淆. 

  public static final android.os.Parcelable$Creator *;

}