PreventionLibary/proguard/mapping.txt
com.viewpagerindicator.PageIndicator -> com.viewpagerindicator.c:
com.viewpagerindicator.R -> com.viewpagerindicator.d:
com.viewpagerindicator.R$styleable -> com.viewpagerindicator.e:
    int[] CirclePageIndicator -> CirclePageIndicator
    int CirclePageIndicator_android_background -> CirclePageIndicator_android_background
    int CirclePageIndicator_android_orientation -> CirclePageIndicator_android_orientation
    int CirclePageIndicator_centered -> CirclePageIndicator_centered
    int CirclePageIndicator_fillColor -> CirclePageIndicator_fillColor
    int CirclePageIndicator_pageColor -> CirclePageIndicator_pageColor
    int CirclePageIndicator_radius -> CirclePageIndicator_radius
    int CirclePageIndicator_snap -> CirclePageIndicator_snap
    int CirclePageIndicator_strokeColor -> CirclePageIndicator_strokeColor
    int CirclePageIndicator_strokeWidth -> CirclePageIndicator_strokeWidth
    int[] LinePageIndicator -> LinePageIndicator
    int LinePageIndicator_android_background -> LinePageIndicator_android_background
    int LinePageIndicator_centered -> LinePageIndicator_centered
    int LinePageIndicator_gapWidth -> LinePageIndicator_gapWidth
    int LinePageIndicator_lineWidth -> LinePageIndicator_lineWidth
    int LinePageIndicator_selectedColor -> LinePageIndicator_selectedColor
    int LinePageIndicator_strokeWidth -> LinePageIndicator_strokeWidth
    int LinePageIndicator_unselectedColor -> LinePageIndicator_unselectedColor
    int[] SlidingMenu -> SlidingMenu
    int SlidingMenu_behindOffset -> SlidingMenu_behindOffset
com.viewpagerindicator.TitlePageIndicator -> com.viewpagerindicator.TitlePageIndicator:
    android.support.v4.view.ViewPager mViewPager -> a
    android.support.v4.view.ViewPager$OnPageChangeListener mListener -> b
    int mCurrentPage -> c
    float mPageOffset -> d
    int mScrollState -> e
    android.graphics.Paint mPaintText -> f
    boolean mBoldText -> g
    int mColorText -> h
    int mColorSelected -> i
    android.graphics.Path mPath -> j
    android.graphics.Rect mBounds -> k
    android.graphics.Paint mPaintFooterLine -> l
    com.viewpagerindicator.TitlePageIndicator$IndicatorStyle mFooterIndicatorStyle -> m
    com.viewpagerindicator.TitlePageIndicator$LinePosition mLinePosition -> n
    android.graphics.Paint mPaintFooterIndicator -> o
    float mFooterIndicatorHeight -> p
    float mFooterIndicatorUnderlinePadding -> q
    float mFooterPadding -> r
    float mTitlePadding -> s
    float mTopPadding -> t
    float mClipPadding -> u
    float mFooterLineHeight -> v
    int mTouchSlop -> w
    float mLastMotionX -> x
    int mActivePointerId -> y
    boolean mIsDragging -> z
    com.viewpagerindicator.TitlePageIndicator$OnCenterItemClickListener mCenterItemClickListener -> A
    int[] $SWITCH_TABLE$com$viewpagerindicator$TitlePageIndicator$IndicatorStyle -> B
    int getFooterColor() -> getFooterColor
    void setFooterColor(int) -> setFooterColor
    float getFooterLineHeight() -> getFooterLineHeight
    void setFooterLineHeight(float) -> setFooterLineHeight
com.viewpagerindicator.TitlePageIndicator$IndicatorStyle -> com.viewpagerindicator.f:
    com.viewpagerindicator.TitlePageIndicator$IndicatorStyle None -> a
    com.viewpagerindicator.TitlePageIndicator$IndicatorStyle Triangle -> b
    com.viewpagerindicator.TitlePageIndicator$IndicatorStyle Underline -> c
    int value -> d
    com.viewpagerindicator.TitlePageIndicator$IndicatorStyle[] ENUM$VALUES -> e
    com.viewpagerindicator.TitlePageIndicator$IndicatorStyle[] values() -> values
    com.viewpagerindicator.TitlePageIndicator$IndicatorStyle valueOf(java.lang.String) -> valueOf